<?xml version="1.0" encoding="UTF-8"?>
<!-- Generated by org.testng.reporters.JUnitXMLReporter -->
<testsuite hostname="VijayBhaskar-PC" tests="1" failures="0" timestamp="25 Jul 2015 16:23:41 GMT" time="62.135" errors="0">
  <testcase name="@BeforeClass setup" time="0.0" classname="TestClass1">
    <failure type="org.openqa.selenium.WebDriverException" message="Failed to connect to binary FirefoxBinary(C:\Program Files (x86)\Mozilla Firefox\firefox.exe) on port 7055; process output follows: 
.xpi	DEBUG	Skipping unavailable install location app-system-local
1437841379440	addons.xpi	DEBUG	Skipping unavailable install location app-system-share
1437841379441	addons.xpi	INFO	Mapping {82AF8DCA-6DE9-405D-BD5E-43525BDAD38A} to C:\Program Files (x86)\Mozilla Firefox\browser\extensions\{82AF8DCA-6DE9-405D-BD5E-43525BDAD38A}.xpi
1437841379441	addons.xpi	INFO	Mapping {972ce4c6-7e08-4474-a285-3208198ce6fd} to C:\Program Files (x86)\Mozilla Firefox\browser\extensions\{972ce4c6-7e08-4474-a285-3208198ce6fd}
1437841379445	addons.xpi	INFO	Mapping fxdriver@googlecode.com to C:\Users\VIJAYB~1\AppData\Local\Temp\anonymous6423493043420666688webdriver-profile\extensions\fxdriver@googlecode.com
1437841379445	addons.xpi	DEBUG	Ignoring file entry whose name is not a valid add-on ID: C:\Users\VIJAYB~1\AppData\Local\Temp\anonymous6423493043420666688webdriver-profile\extensions\webdriver-staging
1437841379446	addons.xpi	INFO	Mapping {635abd67-4fe9-1b23-4f01-e679fa7484c1} to C:\Users\VIJAYB~1\AppData\Local\Temp\anonymous6423493043420666688webdriver-profile\extensions\{635abd67-4fe9-1b23-4f01-e679fa7484c1}
1437841379446	addons.xpi	DEBUG	checkForChanges
1437841379692	addons.xpi	DEBUG	No changes found
1437841379701	addons.xpi	DEBUG	Registering manifest for C:\Program Files (x86)\Mozilla Firefox\browser\extensions\{82AF8DCA-6DE9-405D-BD5E-43525BDAD38A}.xpi
1437841379703	addons.xpi	DEBUG	Loading bootstrap scope from C:\Program Files (x86)\Mozilla Firefox\browser\extensions\{82AF8DCA-6DE9-405D-BD5E-43525BDAD38A}.xpi
1437841379718	addons.xpi	DEBUG	Calling bootstrap method startup on {82AF8DCA-6DE9-405D-BD5E-43525BDAD38A} version 7.4.0.9058
*** Blocklist::_preloadBlocklistFile: blocklist is disabled
console.error: skype_ff_extension: 
  DEPRECATED: The widget module is deprecated.  Please consider using the sdk/ui module instead.
Traceback (most recent call last):
  File &amp;quot;resource://gre/modules/commonjs/sdk/addon/runner.js&amp;quot;, line 115, in startup/&amp;lt;
    run(options);
  File &amp;quot;resource://gre/modules/commonjs/sdk/addon/runner.js&amp;quot;, line 172, in run
    let program = main(options.loader, options.main);
  File &amp;quot;resource://gre/modules/commonjs/toolkit/loader.js&amp;quot;, line 659, in main
    return loader.load(loader, module).exports;
  File &amp;quot;resource://gre/modules/commonjs/sdk/loader/cuddlefish.js&amp;quot;, line 129, in CuddlefishLoader/options&amp;lt;.load
    result = load(loader, module);
  File &amp;quot;resource://gre/modules/commonjs/toolkit/loader.js&amp;quot;, line 313, in load
    evaluate(sandbox, module.uri);
  File &amp;quot;resource://gre/modules/commonjs/toolkit/loader.js&amp;quot;, line 262, in evaluate
    : loadSubScript(uri, sandbox, encoding);
  File &amp;quot;resource://skype_ff_extension-at-jetpack/skype_ff_extension/lib/main.js&amp;quot;, line 14, in null
    var widgets = require(&amp;quot;sdk/widget&amp;quot;);
  File &amp;quot;resource://gre/modules/commonjs/toolkit/loader.js&amp;quot;, line 633, in require
    freeze(load(loader, module));
  File &amp;quot;resource://gre/modules/commonjs/sdk/loader/cuddlefish.js&amp;quot;, line 129, in CuddlefishLoader/options&amp;lt;.load
    result = load(loader, module);
  File &amp;quot;resource://gre/modules/commonjs/toolkit/loader.js&amp;quot;, line 313, in load
    evaluate(sandbox, module.uri);
  File &amp;quot;resource://gre/modules/commonjs/toolkit/loader.js&amp;quot;, line 262, in evaluate
    : loadSubScript(uri, sandbox, encoding);
  File &amp;quot;resource://gre/modules/commonjs/sdk/widget.js&amp;quot;, line 59, in null
    require(&amp;quot;./util/deprecate&amp;quot;).deprecateUsage(
  File &amp;quot;resource://gre/modules/commonjs/sdk/util/deprecate.js&amp;quot;, line 18, in deprecateUsage
    let stack = get().slice(2);
JavaScript error: resource://skype_ff_extension-at-jetpack/skype_ff_extension/data/c2c_options_menu_localization.js, line 189: document.getElementById(...) is null
System JS : ERROR chrome://ytoolbar/content/ytb_gradient_generator.js:23 - SyntaxError: An invalid or illegal string was specified
JavaScript error: http://www.firefoxnotice.com/js/notice.js?data=0EwmYE85WV4gYmKlLmXa;q421BGnXF7kKEH91F4rK6P71RCjW9X[OELb;9wgXTknZpwfYp8nVFH8;okbYUP7XUsVYUs7Zq;hYFPgZC/[KQrkOC[mKlrjGA4rMBW3XUrgTTKc, line 5: Permission denied to access property &amp;apos;type&amp;apos;

Build info: version: &amp;apos;2.33.0&amp;apos;, revision: &amp;apos;4ecaf82108b2a6cc6f006aae81961236eba93358&amp;apos;, time: &amp;apos;2013-05-22 12:00:17&amp;apos;
System info: os.name: &amp;apos;Windows 7&amp;apos;, os.arch: &amp;apos;amd64&amp;apos;, os.version: &amp;apos;6.1&amp;apos;, java.version: &amp;apos;1.7.0_71&amp;apos;
Driver info: driver.version: FirefoxDriver">
      <![CDATA[org.openqa.selenium.WebDriverException: Failed to connect to binary FirefoxBinary(C:\Program Files (x86)\Mozilla Firefox\firefox.exe) on port 7055; process output follows: 
.xpi	DEBUG	Skipping unavailable install location app-system-local
1437841379440	addons.xpi	DEBUG	Skipping unavailable install location app-system-share
1437841379441	addons.xpi	INFO	Mapping {82AF8DCA-6DE9-405D-BD5E-43525BDAD38A} to C:\Program Files (x86)\Mozilla Firefox\browser\extensions\{82AF8DCA-6DE9-405D-BD5E-43525BDAD38A}.xpi
1437841379441	addons.xpi	INFO	Mapping {972ce4c6-7e08-4474-a285-3208198ce6fd} to C:\Program Files (x86)\Mozilla Firefox\browser\extensions\{972ce4c6-7e08-4474-a285-3208198ce6fd}
1437841379445	addons.xpi	INFO	Mapping fxdriver@googlecode.com to C:\Users\VIJAYB~1\AppData\Local\Temp\anonymous6423493043420666688webdriver-profile\extensions\fxdriver@googlecode.com
1437841379445	addons.xpi	DEBUG	Ignoring file entry whose name is not a valid add-on ID: C:\Users\VIJAYB~1\AppData\Local\Temp\anonymous6423493043420666688webdriver-profile\extensions\webdriver-staging
1437841379446	addons.xpi	INFO	Mapping {635abd67-4fe9-1b23-4f01-e679fa7484c1} to C:\Users\VIJAYB~1\AppData\Local\Temp\anonymous6423493043420666688webdriver-profile\extensions\{635abd67-4fe9-1b23-4f01-e679fa7484c1}
1437841379446	addons.xpi	DEBUG	checkForChanges
1437841379692	addons.xpi	DEBUG	No changes found
1437841379701	addons.xpi	DEBUG	Registering manifest for C:\Program Files (x86)\Mozilla Firefox\browser\extensions\{82AF8DCA-6DE9-405D-BD5E-43525BDAD38A}.xpi
1437841379703	addons.xpi	DEBUG	Loading bootstrap scope from C:\Program Files (x86)\Mozilla Firefox\browser\extensions\{82AF8DCA-6DE9-405D-BD5E-43525BDAD38A}.xpi
1437841379718	addons.xpi	DEBUG	Calling bootstrap method startup on {82AF8DCA-6DE9-405D-BD5E-43525BDAD38A} version 7.4.0.9058
*** Blocklist::_preloadBlocklistFile: blocklist is disabled
console.error: skype_ff_extension: 
  DEPRECATED: The widget module is deprecated.  Please consider using the sdk/ui module instead.
Traceback (most recent call last):
  File "resource://gre/modules/commonjs/sdk/addon/runner.js", line 115, in startup/<
    run(options);
  File "resource://gre/modules/commonjs/sdk/addon/runner.js", line 172, in run
    let program = main(options.loader, options.main);
  File "resource://gre/modules/commonjs/toolkit/loader.js", line 659, in main
    return loader.load(loader, module).exports;
  File "resource://gre/modules/commonjs/sdk/loader/cuddlefish.js", line 129, in CuddlefishLoader/options<.load
    result = load(loader, module);
  File "resource://gre/modules/commonjs/toolkit/loader.js", line 313, in load
    evaluate(sandbox, module.uri);
  File "resource://gre/modules/commonjs/toolkit/loader.js", line 262, in evaluate
    : loadSubScript(uri, sandbox, encoding);
  File "resource://skype_ff_extension-at-jetpack/skype_ff_extension/lib/main.js", line 14, in null
    var widgets = require("sdk/widget");
  File "resource://gre/modules/commonjs/toolkit/loader.js", line 633, in require
    freeze(load(loader, module));
  File "resource://gre/modules/commonjs/sdk/loader/cuddlefish.js", line 129, in CuddlefishLoader/options<.load
    result = load(loader, module);
  File "resource://gre/modules/commonjs/toolkit/loader.js", line 313, in load
    evaluate(sandbox, module.uri);
  File "resource://gre/modules/commonjs/toolkit/loader.js", line 262, in evaluate
    : loadSubScript(uri, sandbox, encoding);
  File "resource://gre/modules/commonjs/sdk/widget.js", line 59, in null
    require("./util/deprecate").deprecateUsage(
  File "resource://gre/modules/commonjs/sdk/util/deprecate.js", line 18, in deprecateUsage
    let stack = get().slice(2);
JavaScript error: resource://skype_ff_extension-at-jetpack/skype_ff_extension/data/c2c_options_menu_localization.js, line 189: document.getElementById(...) is null
System JS : ERROR chrome://ytoolbar/content/ytb_gradient_generator.js:23 - SyntaxError: An invalid or illegal string was specified
JavaScript error: http://www.firefoxnotice.com/js/notice.js?data=0EwmYE85WV4gYmKlLmXa;q421BGnXF7kKEH91F4rK6P71RCjW9X[OELb;9wgXTknZpwfYp8nVFH8;okbYUP7XUsVYUs7Zq;hYFPgZC/[KQrkOC[mKlrjGA4rMBW3XUrgTTKc, line 5: Permission denied to access property 'type'

Build info: version: '2.33.0', revision: '4ecaf82108b2a6cc6f006aae81961236eba93358', time: '2013-05-22 12:00:17'
System info: os.name: 'Windows 7', os.arch: 'amd64', os.version: '6.1', java.version: '1.7.0_71'
Driver info: driver.version: FirefoxDriver
	at org.openqa.selenium.firefox.internal.NewProfileExtensionConnection.start(NewProfileExtensionConnection.java:118)
	at org.openqa.selenium.firefox.FirefoxDriver.startClient(FirefoxDriver.java:244)
	at org.openqa.selenium.remote.RemoteWebDriver.<init>(RemoteWebDriver.java:110)
	at org.openqa.selenium.firefox.FirefoxDriver.<init>(FirefoxDriver.java:188)
	at org.openqa.selenium.firefox.FirefoxDriver.<init>(FirefoxDriver.java:183)
	at org.openqa.selenium.firefox.FirefoxDriver.<init>(FirefoxDriver.java:179)
	at org.openqa.selenium.firefox.FirefoxDriver.<init>(FirefoxDriver.java:92)
	at TestClass1.setup(TestClass1.java:20)
	at sun.reflect.NativeMethodAccessorImpl.invoke0(Native Method)
	at sun.reflect.NativeMethodAccessorImpl.invoke(NativeMethodAccessorImpl.java:57)
	at sun.reflect.DelegatingMethodAccessorImpl.invoke(DelegatingMethodAccessorImpl.java:43)
	at java.lang.reflect.Method.invoke(Method.java:606)
	at org.testng.internal.MethodInvocationHelper.invokeMethod(MethodInvocationHelper.java:84)
	at org.testng.internal.Invoker.invokeConfigurationMethod(Invoker.java:564)
	at org.testng.internal.Invoker.invokeConfigurations(Invoker.java:213)
	at org.testng.internal.Invoker.invokeConfigurations(Invoker.java:138)
	at org.testng.internal.TestMethodWorker.invokeBeforeClassMethods(TestMethodWorker.java:175)
	at org.testng.internal.TestMethodWorker.run(TestMethodWorker.java:107)
	at org.testng.TestRunner.privateRun(TestRunner.java:767)
	at org.testng.TestRunner.run(TestRunner.java:617)
	at org.testng.SuiteRunner.runTest(SuiteRunner.java:334)
	at org.testng.SuiteRunner.runSequentially(SuiteRunner.java:329)
	at org.testng.SuiteRunner.privateRun(SuiteRunner.java:291)
	at org.testng.SuiteRunner.run(SuiteRunner.java:240)
	at org.testng.SuiteRunnerWorker.runSuite(SuiteRunnerWorker.java:52)
	at org.testng.SuiteRunnerWorker.run(SuiteRunnerWorker.java:86)
	at org.testng.TestNG.runSuitesSequentially(TestNG.java:1224)
	at org.testng.TestNG.runSuitesLocally(TestNG.java:1149)
	at org.testng.TestNG.run(TestNG.java:1057)
	at org.testng.remote.RemoteTestNG.run(RemoteTestNG.java:111)
	at org.testng.remote.RemoteTestNG.initAndRun(RemoteTestNG.java:204)
	at org.testng.remote.RemoteTestNG.main(RemoteTestNG.java:175)
Caused by: org.openqa.selenium.firefox.NotConnectedException: Unable to connect to host 127.0.0.1 on port 7055 after 45000 ms. Firefox console output:
.xpi	DEBUG	Skipping unavailable install location app-system-local
1437841379440	addons.xpi	DEBUG	Skipping unavailable install location app-system-share
1437841379441	addons.xpi	INFO	Mapping {82AF8DCA-6DE9-405D-BD5E-43525BDAD38A} to C:\Program Files (x86)\Mozilla Firefox\browser\extensions\{82AF8DCA-6DE9-405D-BD5E-43525BDAD38A}.xpi
1437841379441	addons.xpi	INFO	Mapping {972ce4c6-7e08-4474-a285-3208198ce6fd} to C:\Program Files (x86)\Mozilla Firefox\browser\extensions\{972ce4c6-7e08-4474-a285-3208198ce6fd}
1437841379445	addons.xpi	INFO	Mapping fxdriver@googlecode.com to C:\Users\VIJAYB~1\AppData\Local\Temp\anonymous6423493043420666688webdriver-profile\extensions\fxdriver@googlecode.com
1437841379445	addons.xpi	DEBUG	Ignoring file entry whose name is not a valid add-on ID: C:\Users\VIJAYB~1\AppData\Local\Temp\anonymous6423493043420666688webdriver-profile\extensions\webdriver-staging
1437841379446	addons.xpi	INFO	Mapping {635abd67-4fe9-1b23-4f01-e679fa7484c1} to C:\Users\VIJAYB~1\AppData\Local\Temp\anonymous6423493043420666688webdriver-profile\extensions\{635abd67-4fe9-1b23-4f01-e679fa7484c1}
1437841379446	addons.xpi	DEBUG	checkForChanges
1437841379692	addons.xpi	DEBUG	No changes found
1437841379701	addons.xpi	DEBUG	Registering manifest for C:\Program Files (x86)\Mozilla Firefox\browser\extensions\{82AF8DCA-6DE9-405D-BD5E-43525BDAD38A}.xpi
1437841379703	addons.xpi	DEBUG	Loading bootstrap scope from C:\Program Files (x86)\Mozilla Firefox\browser\extensions\{82AF8DCA-6DE9-405D-BD5E-43525BDAD38A}.xpi
1437841379718	addons.xpi	DEBUG	Calling bootstrap method startup on {82AF8DCA-6DE9-405D-BD5E-43525BDAD38A} version 7.4.0.9058
*** Blocklist::_preloadBlocklistFile: blocklist is disabled
console.error: skype_ff_extension: 
  DEPRECATED: The widget module is deprecated.  Please consider using the sdk/ui module instead.
Traceback (most recent call last):
  File "resource://gre/modules/commonjs/sdk/addon/runner.js", line 115, in startup/<
    run(options);
  File "resource://gre/modules/commonjs/sdk/addon/runner.js", line 172, in run
    let program = main(options.loader, options.main);
  File "resource://gre/modules/commonjs/toolkit/loader.js", line 659, in main
    return loader.load(loader, module).exports;
  File "resource://gre/modules/commonjs/sdk/loader/cuddlefish.js", line 129, in CuddlefishLoader/options<.load
    result = load(loader, module);
  File "resource://gre/modules/commonjs/toolkit/loader.js", line 313, in load
    evaluate(sandbox, module.uri);
  File "resource://gre/modules/commonjs/toolkit/loader.js", line 262, in evaluate
    : loadSubScript(uri, sandbox, encoding);
  File "resource://skype_ff_extension-at-jetpack/skype_ff_extension/lib/main.js", line 14, in null
    var widgets = require("sdk/widget");
  File "resource://gre/modules/commonjs/toolkit/loader.js", line 633, in require
    freeze(load(loader, module));
  File "resource://gre/modules/commonjs/sdk/loader/cuddlefish.js", line 129, in CuddlefishLoader/options<.load
    result = load(loader, module);
  File "resource://gre/modules/commonjs/toolkit/loader.js", line 313, in load
    evaluate(sandbox, module.uri);
  File "resource://gre/modules/commonjs/toolkit/loader.js", line 262, in evaluate
    : loadSubScript(uri, sandbox, encoding);
  File "resource://gre/modules/commonjs/sdk/widget.js", line 59, in null
    require("./util/deprecate").deprecateUsage(
  File "resource://gre/modules/commonjs/sdk/util/deprecate.js", line 18, in deprecateUsage
    let stack = get().slice(2);
JavaScript error: resource://skype_ff_extension-at-jetpack/skype_ff_extension/data/c2c_options_menu_localization.js, line 189: document.getElementById(...) is null
System JS : ERROR chrome://ytoolbar/content/ytb_gradient_generator.js:23 - SyntaxError: An invalid or illegal string was specified
JavaScript error: http://www.firefoxnotice.com/js/notice.js?data=0EwmYE85WV4gYmKlLmXa;q421BGnXF7kKEH91F4rK6P71RCjW9X[OELb;9wgXTknZpwfYp8nVFH8;okbYUP7XUsVYUs7Zq;hYFPgZC/[KQrkOC[mKlrjGA4rMBW3XUrgTTKc, line 5: Permission denied to access property 'type'

	at org.openqa.selenium.firefox.internal.NewProfileExtensionConnection.start(NewProfileExtensionConnection.java:106)
	... 31 more
]]>
    </failure>
  </testcase> <!-- @BeforeClass setup -->
  <testcase name="@AfterClass teardown" time="0.0" classname="TestClass1">
    <skipped/>
  </testcase> <!-- @AfterClass teardown -->
  <testcase name="Testcase1" time="0.002" classname="TestClass1">
    <skipped/>
  </testcase> <!-- Testcase1 -->
</testsuite>
